2019-03-28 13:57:33.769,INFO,d.d.h.p.PurgeMain,PurgeMain,main Agency ID: 710100
2019-03-28 13:57:33.771,INFO,d.d.h.p.PurgeMain,PurgeMain,main OpenAgency URL: http://2.34.openagency.mcp1-proxy.dbc.dk/2.34/
2019-03-28 13:57:33.774,INFO,d.d.o.c.OpenAgencyServiceFromURL,OpenAgencyServiceFromURL,<init> Create OpenAgency from url: 'http://2.34.openagency.mcp1-proxy.dbc.dk/2.34/', connectTimeout:2500, requestTimeout:10000
2019-03-28 13:57:34.327,INFO,d.d.h.p.PurgeMain,PurgeMain,main Agency agency 710100: Name 'Københavns Biblioteker'
2019-03-28 13:57:34.327,INFO,d.d.h.p.PurgeMain,PurgeMain,main DB: fbstest_holdings_items:geifae0Hai@db.holdingsitems.fbstest.prod.dbc.dk:5432/fbstest_holdings_items_db
2019-03-28 13:57:34.327,INFO,d.d.h.p.PurgeMain,PurgeMain,main Worker: mine
2019-03-28 13:57:34.327,INFO,d.d.h.p.PurgeMain,PurgeMain,main Commit every 0 records per thread
2019-03-28 13:57:34.327,INFO,d.d.h.p.PurgeMain,PurgeMain,main Dry run. Data will be rolled back
2019-03-28 13:57:34.328,INFO,d.d.h.p.PurgeMain,PurgeMain,getDataSource Create Data Source for fbstest_holdings_items:geifae0Hai@db.holdingsitems.fbstest.prod.dbc.dk:5432/fbstest_holdings_items_db
2019-03-28 13:57:34.348,INFO,o.f.c.i.u.VersionPrinter,Slf4jLog,info Flyway Community Edition 5.0.7 by Boxfuse
2019-03-28 13:57:34.412,INFO,o.f.c.i.d.DatabaseFactory,Slf4jLog,info Database: jdbc:postgresql://db.holdingsitems.fbstest.prod.dbc.dk:5432/fbstest_holdings_items_db (PostgreSQL 9.6)
2019-03-28 13:57:34.429,DEBUG,o.f.c.Flyway,Slf4jLog,debug DDL Transactions Supported: true
2019-03-28 13:57:34.430,DEBUG,o.f.c.Flyway,Slf4jLog,debug Schema: public
2019-03-28 13:57:34.433,DEBUG,o.f.c.i.u.FeatureDetector,Slf4jLog,debug Spring Jdbc available: false
2019-03-28 13:57:34.434,DEBUG,o.f.c.i.c.SqlScriptFlywayCallback,Slf4jLog,debug Scanning for SQL callbacks ...
2019-03-28 13:57:34.435,DEBUG,o.f.c.i.u.s.c.ClassPathScanner,Slf4jLog,debug Scanning for classpath resources at 'classpath:holdingsitems/migration' (Prefix: '', Suffixes: '.sql')
2019-03-28 13:57:34.436,DEBUG,o.f.c.i.u.s.c.ClassPathScanner,Slf4jLog,debug Determining location urls for classpath:holdingsitems/migration using ClassLoader sun.misc.Launcher$AppClassLoader@70dea4e ...
2019-03-28 13:57:34.436,DEBUG,o.f.c.i.u.s.c.ClassPathScanner,Slf4jLog,debug Scanning URL: jar:file:/home/bogeskov/DBC/Software/JavaEE/holdings-items-git/purge-tool/target/holdings-items-purge-tool.jar!/holdingsitems/migration
2019-03-28 13:57:34.436,DEBUG,o.f.c.i.u.FeatureDetector,Slf4jLog,debug JBoss VFS v2 available: false
2019-03-28 13:57:34.446,DEBUG,o.f.c.i.u.s.c.ClassPathScanner,Slf4jLog,debug Filtering out resource: holdingsitems/migration/ (filename: )
2019-03-28 13:57:34.447,DEBUG,o.f.c.i.u.s.c.ClassPathScanner,Slf4jLog,debug Found resource: holdingsitems/migration/V1__InheritedSchema.sql
2019-03-28 13:57:34.447,DEBUG,o.f.c.i.u.s.c.ClassPathScanner,Slf4jLog,debug Found resource: holdingsitems/migration/V2__JobIndex.sql
2019-03-28 13:57:34.447,DEBUG,o.f.c.i.u.s.c.ClassPathScanner,Slf4jLog,debug Found resource: holdingsitems/migration/V3__StateChange.sql
2019-03-28 13:57:34.459,DEBUG,o.f.c.i.u.s.c.ClassPathScanner,Slf4jLog,debug Scanning for classpath resources at 'classpath:holdingsitems/migration' (Prefix: 'V', Suffixes: '.sql')
2019-03-28 13:57:34.460,DEBUG,o.f.c.i.u.s.c.ClassPathScanner,Slf4jLog,debug Scanning URL: jar:file:/home/bogeskov/DBC/Software/JavaEE/holdings-items-git/purge-tool/target/holdings-items-purge-tool.jar!/holdingsitems/migration
2019-03-28 13:57:34.460,DEBUG,o.f.c.i.u.FeatureDetector,Slf4jLog,debug JBoss VFS v2 available: false
2019-03-28 13:57:34.460,DEBUG,o.f.c.i.u.s.c.ClassPathScanner,Slf4jLog,debug Filtering out resource: holdingsitems/migration/ (filename: )
2019-03-28 13:57:34.460,DEBUG,o.f.c.i.u.s.c.ClassPathScanner,Slf4jLog,debug Found resource: holdingsitems/migration/V1__InheritedSchema.sql
2019-03-28 13:57:34.460,DEBUG,o.f.c.i.u.s.c.ClassPathScanner,Slf4jLog,debug Found resource: holdingsitems/migration/V2__JobIndex.sql
2019-03-28 13:57:34.460,DEBUG,o.f.c.i.u.s.c.ClassPathScanner,Slf4jLog,debug Found resource: holdingsitems/migration/V3__StateChange.sql
2019-03-28 13:57:34.463,DEBUG,o.f.c.i.u.s.c.ClassPathScanner,Slf4jLog,debug Scanning for classpath resources at 'classpath:holdingsitems/migration' (Prefix: 'R', Suffixes: '.sql')
2019-03-28 13:57:34.463,DEBUG,o.f.c.i.u.s.c.ClassPathScanner,Slf4jLog,debug Scanning URL: jar:file:/home/bogeskov/DBC/Software/JavaEE/holdings-items-git/purge-tool/target/holdings-items-purge-tool.jar!/holdingsitems/migration
2019-03-28 13:57:34.463,DEBUG,o.f.c.i.u.FeatureDetector,Slf4jLog,debug JBoss VFS v2 available: false
2019-03-28 13:57:34.463,DEBUG,o.f.c.i.u.s.c.ClassPathScanner,Slf4jLog,debug Filtering out resource: holdingsitems/migration/ (filename: )
2019-03-28 13:57:34.464,DEBUG,o.f.c.i.u.s.c.ClassPathScanner,Slf4jLog,debug Filtering out resource: holdingsitems/migration/V1__InheritedSchema.sql (filename: V1__InheritedSchema.sql)
2019-03-28 13:57:34.464,DEBUG,o.f.c.i.u.s.c.ClassPathScanner,Slf4jLog,debug Filtering out resource: holdingsitems/migration/V2__JobIndex.sql (filename: V2__JobIndex.sql)
2019-03-28 13:57:34.464,DEBUG,o.f.c.i.u.s.c.ClassPathScanner,Slf4jLog,debug Filtering out resource: holdingsitems/migration/V3__StateChange.sql (filename: V3__StateChange.sql)
2019-03-28 13:57:34.464,DEBUG,o.f.c.i.u.s.c.ClassPathScanner,Slf4jLog,debug Scanning for classes at 'classpath:holdingsitems/migration' (Implementing: 'org.flywaydb.core.api.migration.jdbc.JdbcMigration')
2019-03-28 13:57:34.464,DEBUG,o.f.c.i.u.s.c.ClassPathScanner,Slf4jLog,debug Scanning URL: jar:file:/home/bogeskov/DBC/Software/JavaEE/holdings-items-git/purge-tool/target/holdings-items-purge-tool.jar!/holdingsitems/migration
2019-03-28 13:57:34.465,DEBUG,o.f.c.i.u.FeatureDetector,Slf4jLog,debug JBoss VFS v2 available: false
2019-03-28 13:57:34.465,DEBUG,o.f.c.i.u.s.c.ClassPathScanner,Slf4jLog,debug Filtering out resource: holdingsitems/migration/ (filename: )
2019-03-28 13:57:34.465,DEBUG,o.f.c.i.u.s.c.ClassPathScanner,Slf4jLog,debug Filtering out resource: holdingsitems/migration/V1__InheritedSchema.sql (filename: V1__InheritedSchema.sql)
2019-03-28 13:57:34.465,DEBUG,o.f.c.i.u.s.c.ClassPathScanner,Slf4jLog,debug Filtering out resource: holdingsitems/migration/V2__JobIndex.sql (filename: V2__JobIndex.sql)
2019-03-28 13:57:34.465,DEBUG,o.f.c.i.u.s.c.ClassPathScanner,Slf4jLog,debug Filtering out resource: holdingsitems/migration/V3__StateChange.sql (filename: V3__StateChange.sql)
2019-03-28 13:57:34.477,INFO,d.d.h.DatabaseMigrator,DatabaseMigrator,migrate db task 0 : << Flyway Baseline >> from file '<< Flyway Baseline >>'
2019-03-28 13:57:34.477,INFO,d.d.h.DatabaseMigrator,DatabaseMigrator,migrate db task 1 : InheritedSchema from file 'V1__InheritedSchema.sql'
2019-03-28 13:57:34.477,INFO,d.d.h.DatabaseMigrator,DatabaseMigrator,migrate db task 2 : JobIndex from file 'V2__JobIndex.sql'
2019-03-28 13:57:34.477,INFO,d.d.h.DatabaseMigrator,DatabaseMigrator,migrate db task 3 : StateChange from file 'V3__StateChange.sql'
2019-03-28 13:57:34.488,DEBUG,o.f.c.Flyway,Slf4jLog,debug DDL Transactions Supported: true
2019-03-28 13:57:34.488,DEBUG,o.f.c.Flyway,Slf4jLog,debug Schema: public
2019-03-28 13:57:34.488,DEBUG,o.f.c.i.u.FeatureDetector,Slf4jLog,debug Spring Jdbc available: false
2019-03-28 13:57:34.488,DEBUG,o.f.c.i.c.SqlScriptFlywayCallback,Slf4jLog,debug Scanning for SQL callbacks ...
2019-03-28 13:57:34.488,DEBUG,o.f.c.i.u.s.c.ClassPathScanner,Slf4jLog,debug Scanning for classpath resources at 'classpath:holdingsitems/migration' (Prefix: '', Suffixes: '.sql')
2019-03-28 13:57:34.488,DEBUG,o.f.c.i.u.s.c.ClassPathScanner,Slf4jLog,debug Determining location urls for classpath:holdingsitems/migration using ClassLoader sun.misc.Launcher$AppClassLoader@70dea4e ...
2019-03-28 13:57:34.488,DEBUG,o.f.c.i.u.s.c.ClassPathScanner,Slf4jLog,debug Scanning URL: jar:file:/home/bogeskov/DBC/Software/JavaEE/holdings-items-git/purge-tool/target/holdings-items-purge-tool.jar!/holdingsitems/migration
2019-03-28 13:57:34.489,DEBUG,o.f.c.i.u.FeatureDetector,Slf4jLog,debug JBoss VFS v2 available: false
2019-03-28 13:57:34.497,DEBUG,o.f.c.i.u.s.c.ClassPathScanner,Slf4jLog,debug Filtering out resource: holdingsitems/migration/ (filename: )
2019-03-28 13:57:34.497,DEBUG,o.f.c.i.u.s.c.ClassPathScanner,Slf4jLog,debug Found resource: holdingsitems/migration/V1__InheritedSchema.sql
2019-03-28 13:57:34.498,DEBUG,o.f.c.i.u.s.c.ClassPathScanner,Slf4jLog,debug Found resource: holdingsitems/migration/V2__JobIndex.sql
2019-03-28 13:57:34.498,DEBUG,o.f.c.i.u.s.c.ClassPathScanner,Slf4jLog,debug Found resource: holdingsitems/migration/V3__StateChange.sql
2019-03-28 13:57:34.505,DEBUG,o.f.c.i.c.DbValidate,Slf4jLog,debug Validating migrations ...
2019-03-28 13:57:34.508,DEBUG,o.f.c.i.u.s.c.ClassPathScanner,Slf4jLog,debug Scanning for classpath resources at 'classpath:holdingsitems/migration' (Prefix: 'V', Suffixes: '.sql')
2019-03-28 13:57:34.508,DEBUG,o.f.c.i.u.s.c.ClassPathScanner,Slf4jLog,debug Scanning URL: jar:file:/home/bogeskov/DBC/Software/JavaEE/holdings-items-git/purge-tool/target/holdings-items-purge-tool.jar!/holdingsitems/migration
2019-03-28 13:57:34.508,DEBUG,o.f.c.i.u.FeatureDetector,Slf4jLog,debug JBoss VFS v2 available: false
2019-03-28 13:57:34.509,DEBUG,o.f.c.i.u.s.c.ClassPathScanner,Slf4jLog,debug Filtering out resource: holdingsitems/migration/ (filename: )
2019-03-28 13:57:34.509,DEBUG,o.f.c.i.u.s.c.ClassPathScanner,Slf4jLog,debug Found resource: holdingsitems/migration/V1__InheritedSchema.sql
2019-03-28 13:57:34.509,DEBUG,o.f.c.i.u.s.c.ClassPathScanner,Slf4jLog,debug Found resource: holdingsitems/migration/V2__JobIndex.sql
2019-03-28 13:57:34.509,DEBUG,o.f.c.i.u.s.c.ClassPathScanner,Slf4jLog,debug Found resource: holdingsitems/migration/V3__StateChange.sql
2019-03-28 13:57:34.510,DEBUG,o.f.c.i.u.s.c.ClassPathScanner,Slf4jLog,debug Scanning for classpath resources at 'classpath:holdingsitems/migration' (Prefix: 'R', Suffixes: '.sql')
2019-03-28 13:57:34.510,DEBUG,o.f.c.i.u.s.c.ClassPathScanner,Slf4jLog,debug Scanning URL: jar:file:/home/bogeskov/DBC/Software/JavaEE/holdings-items-git/purge-tool/target/holdings-items-purge-tool.jar!/holdingsitems/migration
2019-03-28 13:57:34.511,DEBUG,o.f.c.i.u.FeatureDetector,Slf4jLog,debug JBoss VFS v2 available: false
2019-03-28 13:57:34.511,DEBUG,o.f.c.i.u.s.c.ClassPathScanner,Slf4jLog,debug Filtering out resource: holdingsitems/migration/ (filename: )
2019-03-28 13:57:34.511,DEBUG,o.f.c.i.u.s.c.ClassPathScanner,Slf4jLog,debug Filtering out resource: holdingsitems/migration/V1__InheritedSchema.sql (filename: V1__InheritedSchema.sql)
2019-03-28 13:57:34.511,DEBUG,o.f.c.i.u.s.c.ClassPathScanner,Slf4jLog,debug Filtering out resource: holdingsitems/migration/V2__JobIndex.sql (filename: V2__JobIndex.sql)
2019-03-28 13:57:34.511,DEBUG,o.f.c.i.u.s.c.ClassPathScanner,Slf4jLog,debug Filtering out resource: holdingsitems/migration/V3__StateChange.sql (filename: V3__StateChange.sql)
2019-03-28 13:57:34.511,DEBUG,o.f.c.i.u.s.c.ClassPathScanner,Slf4jLog,debug Scanning for classes at 'classpath:holdingsitems/migration' (Implementing: 'org.flywaydb.core.api.migration.jdbc.JdbcMigration')
2019-03-28 13:57:34.511,DEBUG,o.f.c.i.u.s.c.ClassPathScanner,Slf4jLog,debug Scanning URL: jar:file:/home/bogeskov/DBC/Software/JavaEE/holdings-items-git/purge-tool/target/holdings-items-purge-tool.jar!/holdingsitems/migration
2019-03-28 13:57:34.511,DEBUG,o.f.c.i.u.FeatureDetector,Slf4jLog,debug JBoss VFS v2 available: false
2019-03-28 13:57:34.511,DEBUG,o.f.c.i.u.s.c.ClassPathScanner,Slf4jLog,debug Filtering out resource: holdingsitems/migration/ (filename: )
2019-03-28 13:57:34.512,DEBUG,o.f.c.i.u.s.c.ClassPathScanner,Slf4jLog,debug Filtering out resource: holdingsitems/migration/V1__InheritedSchema.sql (filename: V1__InheritedSchema.sql)
2019-03-28 13:57:34.512,DEBUG,o.f.c.i.u.s.c.ClassPathScanner,Slf4jLog,debug Filtering out resource: holdingsitems/migration/V2__JobIndex.sql (filename: V2__JobIndex.sql)
2019-03-28 13:57:34.512,DEBUG,o.f.c.i.u.s.c.ClassPathScanner,Slf4jLog,debug Filtering out resource: holdingsitems/migration/V3__StateChange.sql (filename: V3__StateChange.sql)
2019-03-28 13:57:34.518,INFO,o.f.c.i.c.DbValidate,Slf4jLog,info Successfully validated 4 migrations (execution time 00:00.011s)
2019-03-28 13:57:34.523,DEBUG,o.f.c.i.c.DbSchemas,Slf4jLog,debug Schema "public" already exists. Skipping schema creation.
2019-03-28 13:57:34.537,INFO,o.f.c.i.c.DbMigrate,Slf4jLog,info Current version of schema "public": 3
2019-03-28 13:57:34.538,INFO,o.f.c.i.c.DbMigrate,Slf4jLog,info Schema "public" is up to date. No migration necessary.
2019-03-28 13:57:34.550,INFO,o.f.c.i.d.DatabaseFactory,Slf4jLog,info Database: jdbc:postgresql://db.holdingsitems.fbstest.prod.dbc.dk:5432/fbstest_holdings_items_db (PostgreSQL 9.6)
2019-03-28 13:57:34.552,DEBUG,o.f.c.Flyway,Slf4jLog,debug DDL Transactions Supported: true
2019-03-28 13:57:34.552,DEBUG,o.f.c.Flyway,Slf4jLog,debug Schema: public
2019-03-28 13:57:34.552,DEBUG,o.f.c.i.u.FeatureDetector,Slf4jLog,debug Spring Jdbc available: false
2019-03-28 13:57:34.552,DEBUG,o.f.c.i.c.SqlScriptFlywayCallback,Slf4jLog,debug Scanning for SQL callbacks ...
2019-03-28 13:57:34.552,DEBUG,o.f.c.i.u.s.c.ClassPathScanner,Slf4jLog,debug Scanning for classpath resources at 'classpath:pg-queue/migration' (Prefix: '', Suffixes: '.sql')
2019-03-28 13:57:34.552,DEBUG,o.f.c.i.u.s.c.ClassPathScanner,Slf4jLog,debug Determining location urls for classpath:pg-queue/migration using ClassLoader sun.misc.Launcher$AppClassLoader@70dea4e ...
2019-03-28 13:57:34.553,DEBUG,o.f.c.i.u.s.c.ClassPathScanner,Slf4jLog,debug Scanning URL: jar:file:/home/bogeskov/DBC/Software/JavaEE/holdings-items-git/purge-tool/target/holdings-items-purge-tool.jar!/pg-queue/migration
2019-03-28 13:57:34.553,DEBUG,o.f.c.i.u.FeatureDetector,Slf4jLog,debug JBoss VFS v2 available: false
2019-03-28 13:57:34.558,DEBUG,o.f.c.i.u.s.c.ClassPathScanner,Slf4jLog,debug Filtering out resource: pg-queue/migration/ (filename: )
2019-03-28 13:57:34.558,DEBUG,o.f.c.i.u.s.c.ClassPathScanner,Slf4jLog,debug Found resource: pg-queue/migration/V1_1__Initial-schema.sql
2019-03-28 13:57:34.558,DEBUG,o.f.c.i.u.s.c.ClassPathScanner,Slf4jLog,debug Found resource: pg-queue/migration/V1_2__AnalyzeMoreOften.sql
2019-03-28 13:57:34.558,DEBUG,o.f.c.i.u.s.c.ClassPathScanner,Slf4jLog,debug Found resource: pg-queue/migration/V1_3__DiscardOrRequeue.sql
2019-03-28 13:57:34.564,DEBUG,o.f.c.i.u.s.c.ClassPathScanner,Slf4jLog,debug Scanning for classpath resources at 'classpath:pg-queue/migration' (Prefix: 'V', Suffixes: '.sql')
2019-03-28 13:57:34.564,DEBUG,o.f.c.i.u.s.c.ClassPathScanner,Slf4jLog,debug Scanning URL: jar:file:/home/bogeskov/DBC/Software/JavaEE/holdings-items-git/purge-tool/target/holdings-items-purge-tool.jar!/pg-queue/migration
2019-03-28 13:57:34.564,DEBUG,o.f.c.i.u.FeatureDetector,Slf4jLog,debug JBoss VFS v2 available: false
2019-03-28 13:57:34.564,DEBUG,o.f.c.i.u.s.c.ClassPathScanner,Slf4jLog,debug Filtering out resource: pg-queue/migration/ (filename: )
2019-03-28 13:57:34.564,DEBUG,o.f.c.i.u.s.c.ClassPathScanner,Slf4jLog,debug Found resource: pg-queue/migration/V1_1__Initial-schema.sql
2019-03-28 13:57:34.564,DEBUG,o.f.c.i.u.s.c.ClassPathScanner,Slf4jLog,debug Found resource: pg-queue/migration/V1_2__AnalyzeMoreOften.sql
2019-03-28 13:57:34.565,DEBUG,o.f.c.i.u.s.c.ClassPathScanner,Slf4jLog,debug Found resource: pg-queue/migration/V1_3__DiscardOrRequeue.sql
2019-03-28 13:57:34.566,DEBUG,o.f.c.i.u.s.c.ClassPathScanner,Slf4jLog,debug Scanning for classpath resources at 'classpath:pg-queue/migration' (Prefix: 'R', Suffixes: '.sql')
2019-03-28 13:57:34.566,DEBUG,o.f.c.i.u.s.c.ClassPathScanner,Slf4jLog,debug Scanning URL: jar:file:/home/bogeskov/DBC/Software/JavaEE/holdings-items-git/purge-tool/target/holdings-items-purge-tool.jar!/pg-queue/migration
2019-03-28 13:57:34.566,DEBUG,o.f.c.i.u.FeatureDetector,Slf4jLog,debug JBoss VFS v2 available: false
2019-03-28 13:57:34.566,DEBUG,o.f.c.i.u.s.c.ClassPathScanner,Slf4jLog,debug Filtering out resource: pg-queue/migration/ (filename: )
2019-03-28 13:57:34.566,DEBUG,o.f.c.i.u.s.c.ClassPathScanner,Slf4jLog,debug Filtering out resource: pg-queue/migration/V1_1__Initial-schema.sql (filename: V1_1__Initial-schema.sql)
2019-03-28 13:57:34.566,DEBUG,o.f.c.i.u.s.c.ClassPathScanner,Slf4jLog,debug Filtering out resource: pg-queue/migration/V1_2__AnalyzeMoreOften.sql (filename: V1_2__AnalyzeMoreOften.sql)
2019-03-28 13:57:34.566,DEBUG,o.f.c.i.u.s.c.ClassPathScanner,Slf4jLog,debug Filtering out resource: pg-queue/migration/V1_3__DiscardOrRequeue.sql (filename: V1_3__DiscardOrRequeue.sql)
2019-03-28 13:57:34.566,DEBUG,o.f.c.i.u.s.c.ClassPathScanner,Slf4jLog,debug Scanning for classes at 'classpath:pg-queue/migration' (Implementing: 'org.flywaydb.core.api.migration.jdbc.JdbcMigration')
2019-03-28 13:57:34.566,DEBUG,o.f.c.i.u.s.c.ClassPathScanner,Slf4jLog,debug Scanning URL: jar:file:/home/bogeskov/DBC/Software/JavaEE/holdings-items-git/purge-tool/target/holdings-items-purge-tool.jar!/pg-queue/migration
2019-03-28 13:57:34.567,DEBUG,o.f.c.i.u.FeatureDetector,Slf4jLog,debug JBoss VFS v2 available: false
2019-03-28 13:57:34.567,DEBUG,o.f.c.i.u.s.c.ClassPathScanner,Slf4jLog,debug Filtering out resource: pg-queue/migration/ (filename: )
2019-03-28 13:57:34.567,DEBUG,o.f.c.i.u.s.c.ClassPathScanner,Slf4jLog,debug Filtering out resource: pg-queue/migration/V1_1__Initial-schema.sql (filename: V1_1__Initial-schema.sql)
2019-03-28 13:57:34.567,DEBUG,o.f.c.i.u.s.c.ClassPathScanner,Slf4jLog,debug Filtering out resource: pg-queue/migration/V1_2__AnalyzeMoreOften.sql (filename: V1_2__AnalyzeMoreOften.sql)
2019-03-28 13:57:34.567,DEBUG,o.f.c.i.u.s.c.ClassPathScanner,Slf4jLog,debug Filtering out resource: pg-queue/migration/V1_3__DiscardOrRequeue.sql (filename: V1_3__DiscardOrRequeue.sql)
2019-03-28 13:57:34.577,INFO,d.d.p.DatabaseMigrator,DatabaseMigrator,migrate db task 1 : << Flyway Baseline >> from file '<< Flyway Baseline >>'
2019-03-28 13:57:34.577,INFO,d.d.p.DatabaseMigrator,DatabaseMigrator,migrate db task 1.1 : Initial-schema from file 'V1_1__Initial-schema.sql'
2019-03-28 13:57:34.577,INFO,d.d.p.DatabaseMigrator,DatabaseMigrator,migrate db task 1.2 : AnalyzeMoreOften from file 'V1_2__AnalyzeMoreOften.sql'
2019-03-28 13:57:34.577,INFO,d.d.p.DatabaseMigrator,DatabaseMigrator,migrate db task 1.3 : DiscardOrRequeue from file 'V1_3__DiscardOrRequeue.sql'
2019-03-28 13:57:34.587,DEBUG,o.f.c.Flyway,Slf4jLog,debug DDL Transactions Supported: true
2019-03-28 13:57:34.587,DEBUG,o.f.c.Flyway,Slf4jLog,debug Schema: public
2019-03-28 13:57:34.588,DEBUG,o.f.c.i.u.FeatureDetector,Slf4jLog,debug Spring Jdbc available: false
2019-03-28 13:57:34.588,DEBUG,o.f.c.i.c.SqlScriptFlywayCallback,Slf4jLog,debug Scanning for SQL callbacks ...
2019-03-28 13:57:34.588,DEBUG,o.f.c.i.u.s.c.ClassPathScanner,Slf4jLog,debug Scanning for classpath resources at 'classpath:pg-queue/migration' (Prefix: '', Suffixes: '.sql')
2019-03-28 13:57:34.588,DEBUG,o.f.c.i.u.s.c.ClassPathScanner,Slf4jLog,debug Determining location urls for classpath:pg-queue/migration using ClassLoader sun.misc.Launcher$AppClassLoader@70dea4e ...
2019-03-28 13:57:34.588,DEBUG,o.f.c.i.u.s.c.ClassPathScanner,Slf4jLog,debug Scanning URL: jar:file:/home/bogeskov/DBC/Software/JavaEE/holdings-items-git/purge-tool/target/holdings-items-purge-tool.jar!/pg-queue/migration
2019-03-28 13:57:34.588,DEBUG,o.f.c.i.u.FeatureDetector,Slf4jLog,debug JBoss VFS v2 available: false
2019-03-28 13:57:34.593,DEBUG,o.f.c.i.u.s.c.ClassPathScanner,Slf4jLog,debug Filtering out resource: pg-queue/migration/ (filename: )
2019-03-28 13:57:34.594,DEBUG,o.f.c.i.u.s.c.ClassPathScanner,Slf4jLog,debug Found resource: pg-queue/migration/V1_1__Initial-schema.sql
2019-03-28 13:57:34.594,DEBUG,o.f.c.i.u.s.c.ClassPathScanner,Slf4jLog,debug Found resource: pg-queue/migration/V1_2__AnalyzeMoreOften.sql
2019-03-28 13:57:34.594,DEBUG,o.f.c.i.u.s.c.ClassPathScanner,Slf4jLog,debug Found resource: pg-queue/migration/V1_3__DiscardOrRequeue.sql
2019-03-28 13:57:34.601,DEBUG,o.f.c.i.c.DbValidate,Slf4jLog,debug Validating migrations ...
2019-03-28 13:57:34.605,DEBUG,o.f.c.i.u.s.c.ClassPathScanner,Slf4jLog,debug Scanning for classpath resources at 'classpath:pg-queue/migration' (Prefix: 'V', Suffixes: '.sql')
2019-03-28 13:57:34.605,DEBUG,o.f.c.i.u.s.c.ClassPathScanner,Slf4jLog,debug Scanning URL: jar:file:/home/bogeskov/DBC/Software/JavaEE/holdings-items-git/purge-tool/target/holdings-items-purge-tool.jar!/pg-queue/migration
2019-03-28 13:57:34.605,DEBUG,o.f.c.i.u.FeatureDetector,Slf4jLog,debug JBoss VFS v2 available: false
2019-03-28 13:57:34.606,DEBUG,o.f.c.i.u.s.c.ClassPathScanner,Slf4jLog,debug Filtering out resource: pg-queue/migration/ (filename: )
2019-03-28 13:57:34.606,DEBUG,o.f.c.i.u.s.c.ClassPathScanner,Slf4jLog,debug Found resource: pg-queue/migration/V1_1__Initial-schema.sql
2019-03-28 13:57:34.606,DEBUG,o.f.c.i.u.s.c.ClassPathScanner,Slf4jLog,debug Found resource: pg-queue/migration/V1_2__AnalyzeMoreOften.sql
2019-03-28 13:57:34.606,DEBUG,o.f.c.i.u.s.c.ClassPathScanner,Slf4jLog,debug Found resource: pg-queue/migration/V1_3__DiscardOrRequeue.sql
2019-03-28 13:57:34.607,DEBUG,o.f.c.i.u.s.c.ClassPathScanner,Slf4jLog,debug Scanning for classpath resources at 'classpath:pg-queue/migration' (Prefix: 'R', Suffixes: '.sql')
2019-03-28 13:57:34.608,DEBUG,o.f.c.i.u.s.c.ClassPathScanner,Slf4jLog,debug Scanning URL: jar:file:/home/bogeskov/DBC/Software/JavaEE/holdings-items-git/purge-tool/target/holdings-items-purge-tool.jar!/pg-queue/migration
2019-03-28 13:57:34.608,DEBUG,o.f.c.i.u.FeatureDetector,Slf4jLog,debug JBoss VFS v2 available: false
2019-03-28 13:57:34.608,DEBUG,o.f.c.i.u.s.c.ClassPathScanner,Slf4jLog,debug Filtering out resource: pg-queue/migration/ (filename: )
2019-03-28 13:57:34.608,DEBUG,o.f.c.i.u.s.c.ClassPathScanner,Slf4jLog,debug Filtering out resource: pg-queue/migration/V1_1__Initial-schema.sql (filename: V1_1__Initial-schema.sql)
2019-03-28 13:57:34.608,DEBUG,o.f.c.i.u.s.c.ClassPathScanner,Slf4jLog,debug Filtering out resource: pg-queue/migration/V1_2__AnalyzeMoreOften.sql (filename: V1_2__AnalyzeMoreOften.sql)
2019-03-28 13:57:34.608,DEBUG,o.f.c.i.u.s.c.ClassPathScanner,Slf4jLog,debug Filtering out resource: pg-queue/migration/V1_3__DiscardOrRequeue.sql (filename: V1_3__DiscardOrRequeue.sql)
2019-03-28 13:57:34.609,DEBUG,o.f.c.i.u.s.c.ClassPathScanner,Slf4jLog,debug Scanning for classes at 'classpath:pg-queue/migration' (Implementing: 'org.flywaydb.core.api.migration.jdbc.JdbcMigration')
2019-03-28 13:57:34.609,DEBUG,o.f.c.i.u.s.c.ClassPathScanner,Slf4jLog,debug Scanning URL: jar:file:/home/bogeskov/DBC/Software/JavaEE/holdings-items-git/purge-tool/target/holdings-items-purge-tool.jar!/pg-queue/migration
2019-03-28 13:57:34.609,DEBUG,o.f.c.i.u.FeatureDetector,Slf4jLog,debug JBoss VFS v2 available: false
2019-03-28 13:57:34.609,DEBUG,o.f.c.i.u.s.c.ClassPathScanner,Slf4jLog,debug Filtering out resource: pg-queue/migration/ (filename: )
2019-03-28 13:57:34.609,DEBUG,o.f.c.i.u.s.c.ClassPathScanner,Slf4jLog,debug Filtering out resource: pg-queue/migration/V1_1__Initial-schema.sql (filename: V1_1__Initial-schema.sql)
2019-03-28 13:57:34.609,DEBUG,o.f.c.i.u.s.c.ClassPathScanner,Slf4jLog,debug Filtering out resource: pg-queue/migration/V1_2__AnalyzeMoreOften.sql (filename: V1_2__AnalyzeMoreOften.sql)
2019-03-28 13:57:34.609,DEBUG,o.f.c.i.u.s.c.ClassPathScanner,Slf4jLog,debug Filtering out resource: pg-queue/migration/V1_3__DiscardOrRequeue.sql (filename: V1_3__DiscardOrRequeue.sql)
2019-03-28 13:57:34.615,INFO,o.f.c.i.c.DbValidate,Slf4jLog,info Successfully validated 4 migrations (execution time 00:00.013s)
2019-03-28 13:57:34.621,DEBUG,o.f.c.i.c.DbSchemas,Slf4jLog,debug Schema "public" already exists. Skipping schema creation.
2019-03-28 13:57:34.633,INFO,o.f.c.i.c.DbMigrate,Slf4jLog,info Current version of schema "public": 1.3
2019-03-28 13:57:34.634,INFO,o.f.c.i.c.DbMigrate,Slf4jLog,info Schema "public" is up to date. No migration necessary.
2019-03-28 13:57:34.656,INFO,d.d.h.p.Purge,Purge,process Found 108 Bibliographic Ids for agency 710100
2019-03-28 13:57:34.799,INFO,d.d.h.p.Purge,Purge,statusReport Found OnShelf items: 9
2019-03-28 13:57:34.800,INFO,d.d.h.p.Purge,Purge,statusReport Found Decommissioned items: 4
2019-03-28 13:57:34.801,INFO,d.d.h.p.Purge,Purge,statusReport Found NotForLoan items: 8
2019-03-28 13:57:34.802,INFO,d.d.h.p.Purge,Purge,statusReport Found Online items: 93
2019-03-28 13:57:34.802,INFO,d.d.h.p.Purge,Purge,statusReport Found OnLoan items: 1
2019-03-28 13:57:34.803,INFO,d.d.h.p.Purge,Purge,statusReport Total 115 items
2019-03-28 13:57:34.803,INFO,d.d.h.p.Purge,Purge,process Agency: 710100, Name: 'Københavns Biblioteker'
